<?xml version="1.0" encoding="UTF-8"?>
<!-- Generated by org.testng.reporters.JUnitReportReporter -->
<testsuite hostname="prasad" name="test.LoginTest" tests="1" failures="0" timestamp="26 Oct 2016 03:29:22 GMT" time="37.809" errors="0">
  <testcase name="testLogin" time="37.809" classname="test.LoginTest"/>
</testsuite> <!-- test.LoginTest -->
