<?xml version="1.0" encoding="UTF-8"?>
<!-- Generated by org.testng.reporters.JUnitReportReporter -->
<testsuite hostname="prasad" name="test.FBErrorMessageText" tests="1" failures="0" timestamp="7 Nov 2016 16:41:17 GMT" time="22.720" errors="0">
  <testcase name="ErrorMeggaText" time="22.720" classname="test.FBErrorMessageText"/>
</testsuite> <!-- test.FBErrorMessageText -->
